Unity Editor version:    2022.3.34f1 (4886f5360533)
Branch:                  2022.3/staging
Build type:              Release
Batch mode:              YES
macOS version:           Version 14.5 (Build 23F79)
Darwin version:          23.5.0
Architecture:            arm64
Running under Rosetta:   NO
Available memory:        8192 MB
Using pre-set license
Pro License: YES

COMMAND LINE ARGUMENTS:
/Applications/Unity/Hub/Editor/2022.3.34f1-arm64/Unity.app/Contents/MacOS/Unity
-adb2
-batchMode
-noUpm
-name
AssetImportWorker1
-projectPath
/Users/tatiana28/Downloads/Moody-Room-Project--Serious-Games-Projektseminar-
-logFile
Logs/AssetImportWorker1.log
-srvPort
60873
Successfully changed project path to: /Users/tatiana28/Downloads/Moody-Room-Project--Serious-Games-Projektseminar-
/Users/tatiana28/Downloads/Moody-Room-Project--Serious-Games-Projektseminar-
[UnityMemory] Configuration Parameters - Can be set up in boot.config
    "memorysetup-bucket-allocator-granularity=16"
    "memorysetup-bucket-allocator-bucket-count=8"
    "memorysetup-bucket-allocator-block-size=33554432"
    "memorysetup-bucket-allocator-block-count=8"
    "memorysetup-main-allocator-block-size=16777216"
    "memorysetup-thread-allocator-block-size=16777216"
    "memorysetup-gfx-main-allocator-block-size=16777216"
    "memorysetup-gfx-thread-allocator-block-size=16777216"
    "memorysetup-cache-allocator-block-size=4194304"
    "memorysetup-typetree-allocator-block-size=2097152"
    "memorysetup-profiler-bucket-allocator-granularity=16"
    "memorysetup-profiler-bucket-allocator-bucket-count=8"
    "memorysetup-profiler-bucket-allocator-block-size=33554432"
    "memorysetup-profiler-bucket-allocator-block-count=8"
    "memorysetup-profiler-allocator-block-size=16777216"
    "memorysetup-profiler-editor-allocator-block-size=1048576"
    "memorysetup-temp-allocator-size-main=16777216"
    "memorysetup-job-temp-allocator-block-size=2097152"
    "memorysetup-job-temp-allocator-block-size-background=1048576"
    "memorysetup-job-temp-allocator-reduction-small-platforms=262144"
    "memorysetup-allocator-temp-initial-block-size-main=262144"
    "memorysetup-allocator-temp-initial-block-size-worker=262144"
    "memorysetup-temp-allocator-size-background-worker=32768"
    "memorysetup-temp-allocator-size-job-worker=262144"
    "memorysetup-temp-allocator-size-preload-manager=33554432"
    "memorysetup-temp-allocator-size-nav-mesh-worker=65536"
    "memorysetup-temp-allocator-size-audio-worker=65536"
    "memorysetup-temp-allocator-size-cloud-worker=32768"
    "memorysetup-temp-allocator-size-gi-baking-worker=262144"
    "memorysetup-temp-allocator-size-gfx=262144"
Player connection [8681901056] Host "[IP] 172.18.33.96 [Port] 0 [Flags] 2 [Guid] 662524921 [EditorId] 662524921 [Version] 1048832 [Id] OSXEditor(0,MacBook-Air-Tatiana.local) [Debug] 1 [PackageName] OSXEditor [ProjectName] Editor" joined multi-casting on [225.0.0.222:54997]...

Player connection [8681901056] Host "[IP] 172.18.33.96 [Port] 0 [Flags] 2 [Guid] 662524921 [EditorId] 662524921 [Version] 1048832 [Id] OSXEditor(0,MacBook-Air-Tatiana.local) [Debug] 1 [PackageName] OSXEditor [ProjectName] Editor" joined alternative multi-casting on [225.0.0.222:34997]...

[PhysX] Initialized MultithreadedTaskDispatcher with 8 workers.
Multiple plugins with the same name 'opus_egpv' (found at 'Assets/Assets/Photon/PhotonVoice/PhotonVoiceLibs/OSX/opus_egpv.bundle' and 'Assets/Photon/PhotonVoice/PhotonVoiceLibs/OSX/opus_egpv.bundle'). That means one or more plugins are set to be compatible with Editor. Only one plugin at the time can be used by Editor.
Multiple plugins with the same name 'audioin' (found at 'Assets/Photon/PhotonVoice/PhotonVoiceLibs/OSX/AudioIn.bundle' and 'Assets/Assets/Photon/PhotonVoice/PhotonVoiceLibs/OSX/AudioIn.bundle'). That means one or more plugins are set to be compatible with Editor. Only one plugin at the time can be used by Editor.
Multiple plugins with the same name 'webrtc-audio' (found at 'Assets/Photon/PhotonVoice/PhotonVoiceLibs/OSX/webrtc-audio.bundle' and 'Assets/Assets/Photon/PhotonVoice/PhotonVoiceLibs/OSX/webrtc-audio.bundle'). That means one or more plugins are set to be compatible with Editor. Only one plugin at the time can be used by Editor.
Refreshing native plugins compatible for Editor in 31.26 ms, found 5 plugins.
Preloading 0 native plugins for Editor in 0.00 ms.
Initialize engine version: 2022.3.34f1 (4886f5360533)
[Subsystems] Discovering subsystems at path /Applications/Unity/Hub/Editor/2022.3.34f1-arm64/Unity.app/Contents/Resources/UnitySubsystems
[Subsystems] Discovering subsystems at path /Users/tatiana28/Downloads/Moody-Room-Project--Serious-Games-Projektseminar-/Assets
GfxDevice: creating device client; threaded=0; jobified=0
 preferred device: Apple M1 (high power)
Metal devices available: 1
0: Apple M1 (high power)
Using device Apple M1 (high power)
Initializing Metal device caps: Apple M1
Initialize mono
Mono path[0] = '/Applications/Unity/Hub/Editor/2022.3.34f1-arm64/Unity.app/Contents/Managed'
Mono path[1] = '/Applications/Unity/Hub/Editor/2022.3.34f1-arm64/Unity.app/Contents/MonoBleedingEdge/lib/mono/unityjit-macos'
Mono config path = '/Applications/Unity/Hub/Editor/2022.3.34f1-arm64/Unity.app/Contents/MonoBleedingEdge/etc'
Using monoOptions --debugger-agent=transport=dt_socket,embedding=1,server=y,suspend=n,address=127.0.0.1:56618
Begin MonoManager ReloadAssembly
Registering precompiled unity dll's ...
Register platform support module: /Applications/Unity/Hub/Editor/2022.3.34f1-arm64/Unity.app/Contents/PlaybackEngines/MacStandaloneSupport/UnityEditor.OSXStandalone.Extensions.dll
Register platform support module: /Applications/Unity/Hub/Editor/2022.3.34f1-arm64/PlaybackEngines/iOSSupport/UnityEditor.iOS.Extensions.dll
Registered in 0.002781 seconds.
- Loaded All Assemblies, in  0.273 seconds
[usbmuxd] Start listen thread
[usbmuxd] Listen thread started
[usbmuxd] Send listen message
Native extension for iOS target not found
2024-09-03 16:28:20.485 Unity[13618:465063] [XcodeApplications] Failed to read NSDictionary from path hX8/Contents/Info.plist
Native extension for OSXStandalone target not found
Mono: successfully reloaded assembly
- Finished resetting the current domain, in  0.243 seconds
Domain Reload Profiling: 516ms
	BeginReloadAssembly (91ms)
		ExecutionOrderSort (0ms)
		DisableScriptedObjects (0ms)
		BackupInstance (0ms)
		ReleaseScriptingObjects (0ms)
		CreateAndSetChildDomain (1ms)
	RebuildCommonClasses (25ms)
	RebuildNativeTypeToScriptingClass (8ms)
	initialDomainReloadingComplete (38ms)
	LoadAllAssembliesAndSetupDomain (111ms)
		LoadAssemblies (91ms)
		RebuildTransferFunctionScriptingTraits (0ms)
		AnalyzeDomain (109ms)
			TypeCache.Refresh (107ms)
				TypeCache.ScanAssembly (95ms)
			ScanForSourceGeneratedMonoScriptInfo (0ms)
			ResolveRequiredComponents (1ms)
	FinalizeReload (243ms)
		ReleaseScriptCaches (0ms)
		RebuildScriptCaches (0ms)
		SetupLoadedEditorAssemblies (204ms)
			LogAssemblyErrors (0ms)
			InitializePlatformSupportModulesInManaged (78ms)
			SetLoadedEditorAssemblies (4ms)
			RefreshPlugins (0ms)
			BeforeProcessingInitializeOnLoad (1ms)
			ProcessInitializeOnLoadAttributes (93ms)
			ProcessInitializeOnLoadMethodAttributes (27ms)
			AfterProcessingInitializeOnLoad (0ms)
			EditorAssembliesLoaded (0ms)
		ExecutionOrderSort2 (0ms)
		AwakeInstancesAfterBackupRestoration (0ms)
Assembly with name 'PhotonVoice.PUN' already exists (Assets/Assets/Photon/PhotonVoice/Code/PUN/PhotonVoice.PUN.asmdef)
Assembly with name 'PhotonVoice.PUN' already exists (Assets/Photon/PhotonVoice/Code/PUN/PhotonVoice.PUN.asmdef)
Assembly with name 'PhotonVoice' already exists (Assets/Assets/Photon/PhotonVoice/Code/PhotonVoice.asmdef)
Assembly with name 'PhotonVoice' already exists (Assets/Photon/PhotonVoice/Code/PhotonVoice.asmdef)
Assembly with name 'MicAmplifierEditor.Editor' already exists (Assets/Photon/PhotonVoice/Code/UtilityScripts/MicAmplifier/Editor/MicAmplifier.Editor.asmdef)
Assembly with name 'MicAmplifierEditor.Editor' already exists (Assets/Assets/Photon/PhotonVoice/Code/UtilityScripts/MicAmplifier/Editor/MicAmplifier.Editor.asmdef)
Assembly with name 'PhotonVoice.API' already exists (Assets/Assets/Photon/PhotonVoice/PhotonVoiceApi/PhotonVoice.API.asmdef)
Assembly with name 'PhotonVoice.API' already exists (Assets/Photon/PhotonVoice/PhotonVoiceApi/PhotonVoice.API.asmdef)
Assembly with name 'PhotonUnityNetworking.Utilities.PhotonPlayer.Editor' already exists (Assets/Assets/Photon/PhotonUnityNetworking/UtilityScripts/PhotonPlayer/Editor/PhotonUnityNetworking.Utilities.PhotonPlayer.Editor.asmdef)
Assembly with name 'PhotonUnityNetworking.Utilities.PhotonPlayer.Editor' already exists (Assets/Photon/PhotonUnityNetworking/UtilityScripts/PhotonPlayer/Editor/PhotonUnityNetworking.Utilities.PhotonPlayer.Editor.asmdef)
Assembly with name 'PhotonVoice.Utilities.Editor' already exists (Assets/Assets/Photon/PhotonVoice/Code/UtilityScripts/Editor/PhotonVoice.Utilities.Editor.asmdef)
Assembly with name 'PhotonVoice.Utilities.Editor' already exists (Assets/Photon/PhotonVoice/Code/UtilityScripts/Editor/PhotonVoice.Utilities.Editor.asmdef)
Assembly with name 'PhotonUnityNetworking' already exists (Assets/Photon/PhotonUnityNetworking/Code/PhotonUnityNetworking.asmdef)
Assembly with name 'PhotonUnityNetworking' already exists (Assets/Assets/Photon/PhotonUnityNetworking/Code/PhotonUnityNetworking.asmdef)
Assembly with name 'PhotonUnityNetworking.Editor' already exists (Assets/Assets/Photon/PhotonUnityNetworking/Code/Editor/PhotonUnityNetworking.Editor.asmdef)
Assembly with name 'PhotonUnityNetworking.Editor' already exists (Assets/Photon/PhotonUnityNetworking/Code/Editor/PhotonUnityNetworking.Editor.asmdef)
Assembly with name 'PhotonVoice.Editor' already exists (Assets/Assets/Photon/PhotonVoice/Code/Editor/PhotonVoice.Editor.asmdef)
Assembly with name 'PhotonVoice.Editor' already exists (Assets/Photon/PhotonVoice/Code/Editor/PhotonVoice.Editor.asmdef)
Assembly with name 'PhotonVoiceApi.FMOD' already exists (Assets/Assets/Photon/PhotonVoice/PhotonVoiceApi/Platforms/FMOD/PhotonVoice.API.FMOD.asmdef)
Assembly with name 'PhotonVoiceApi.FMOD' already exists (Assets/Photon/PhotonVoice/PhotonVoiceApi/Platforms/FMOD/PhotonVoice.API.FMOD.asmdef)
Assembly with name 'PhotonUnityNetworking.Utilities.Culling.Editor' already exists (Assets/Assets/Photon/PhotonUnityNetworking/UtilityScripts/Culling/Editor/PhotonUnityNetworking.Utilities.Culling.Editor.asmdef)
Assembly with name 'PhotonUnityNetworking.Utilities.Culling.Editor' already exists (Assets/Photon/PhotonUnityNetworking/UtilityScripts/Culling/Editor/PhotonUnityNetworking.Utilities.Culling.Editor.asmdef)
Assembly with name 'PhotonVoice.PUN.Editor' already exists (Assets/Photon/PhotonVoice/Code/PUN/Editor/PhotonVoice.PUN.Editor.asmdef)
Assembly with name 'PhotonVoice.PUN.Editor' already exists (Assets/Assets/Photon/PhotonVoice/Code/PUN/Editor/PhotonVoice.PUN.Editor.asmdef)
Assembly with name 'PhotonVoice.FMOD' already exists (Assets/Photon/PhotonVoice/Code/FMOD/PhotonVoice.FMOD.asmdef)
Assembly with name 'PhotonVoice.FMOD' already exists (Assets/Assets/Photon/PhotonVoice/Code/FMOD/PhotonVoice.FMOD.asmdef)
Assembly with name 'Voice.FMOD.Editor' already exists (Assets/Photon/PhotonVoice/Code/FMOD/Editor/PhotonVoice.FMOD.Editor.asmdef)
Assembly with name 'Voice.FMOD.Editor' already exists (Assets/Assets/Photon/PhotonVoice/Code/FMOD/Editor/PhotonVoice.FMOD.Editor.asmdef)
Assembly with name 'PhotonUnityNetworking.Utilities' already exists (Assets/Photon/PhotonUnityNetworking/UtilityScripts/PhotonUnityNetworking.Utilities.asmdef)
Assembly with name 'PhotonUnityNetworking.Utilities' already exists (Assets/Assets/Photon/PhotonUnityNetworking/UtilityScripts/PhotonUnityNetworking.Utilities.asmdef)
Assembly with name 'PhotonChat' already exists (Assets/Assets/Photon/PhotonChat/Code/PhotonChat.asmdef)
Assembly with name 'PhotonChat' already exists (Assets/Photon/PhotonChat/Code/PhotonChat.asmdef)
Assembly with name 'PhotonRealtime' already exists (Assets/Assets/Photon/PhotonRealtime/Code/PhotonRealtime.asmdef)
Assembly with name 'PhotonRealtime' already exists (Assets/Photon/PhotonRealtime/Code/PhotonRealtime.asmdef)
Assembly with name 'SimpleFileBrowser.Runtime' already exists (Assets/Assets/Plugins/SimpleFileBrowser/SimpleFileBrowser.Runtime.asmdef)
Assembly with name 'SimpleFileBrowser.Runtime' already exists (Assets/Plugins/SimpleFileBrowser/SimpleFileBrowser.Runtime.asmdef)
Assembly with name 'PhotonVoice.Fusion.Editor' already exists (Assets/Photon/PhotonVoice/Code/Fusion/Editor/PhotonVoice.Fusion.Editor.asmdef)
Assembly with name 'PhotonVoice.Fusion.Editor' already exists (Assets/Assets/Photon/PhotonVoice/Code/Fusion/Editor/PhotonVoice.Fusion.Editor.asmdef)
Assembly with name 'PhotonVoice.Fusion' already exists (Assets/Assets/Photon/PhotonVoice/Code/Fusion/PhotonVoice.Fusion.asmdef)
Assembly with name 'PhotonVoice.Fusion' already exists (Assets/Photon/PhotonVoice/Code/Fusion/PhotonVoice.Fusion.asmdef)
========================================================================
Worker process is ready to serve import requests
Assembly with name 'PhotonVoice.PUN' already exists (Assets/Assets/Photon/PhotonVoice/Code/PUN/PhotonVoice.PUN.asmdef)
Assembly with name 'PhotonVoice.PUN' already exists (Assets/Photon/PhotonVoice/Code/PUN/PhotonVoice.PUN.asmdef)
Assembly with name 'PhotonVoice' already exists (Assets/Assets/Photon/PhotonVoice/Code/PhotonVoice.asmdef)
Assembly with name 'PhotonVoice' already exists (Assets/Photon/PhotonVoice/Code/PhotonVoice.asmdef)
Assembly with name 'MicAmplifierEditor.Editor' already exists (Assets/Photon/PhotonVoice/Code/UtilityScripts/MicAmplifier/Editor/MicAmplifier.Editor.asmdef)
Assembly with name 'MicAmplifierEditor.Editor' already exists (Assets/Assets/Photon/PhotonVoice/Code/UtilityScripts/MicAmplifier/Editor/MicAmplifier.Editor.asmdef)
Assembly with name 'PhotonVoice.API' already exists (Assets/Assets/Photon/PhotonVoice/PhotonVoiceApi/PhotonVoice.API.asmdef)
Assembly with name 'PhotonVoice.API' already exists (Assets/Photon/PhotonVoice/PhotonVoiceApi/PhotonVoice.API.asmdef)
Assembly with name 'PhotonUnityNetworking.Utilities.PhotonPlayer.Editor' already exists (Assets/Assets/Photon/PhotonUnityNetworking/UtilityScripts/PhotonPlayer/Editor/PhotonUnityNetworking.Utilities.PhotonPlayer.Editor.asmdef)
Assembly with name 'PhotonUnityNetworking.Utilities.PhotonPlayer.Editor' already exists (Assets/Photon/PhotonUnityNetworking/UtilityScripts/PhotonPlayer/Editor/PhotonUnityNetworking.Utilities.PhotonPlayer.Editor.asmdef)
Assembly with name 'PhotonVoice.Utilities.Editor' already exists (Assets/Assets/Photon/PhotonVoice/Code/UtilityScripts/Editor/PhotonVoice.Utilities.Editor.asmdef)
Assembly with name 'PhotonVoice.Utilities.Editor' already exists (Assets/Photon/PhotonVoice/Code/UtilityScripts/Editor/PhotonVoice.Utilities.Editor.asmdef)
Assembly with name 'PhotonUnityNetworking' already exists (Assets/Photon/PhotonUnityNetworking/Code/PhotonUnityNetworking.asmdef)
Assembly with name 'PhotonUnityNetworking' already exists (Assets/Assets/Photon/PhotonUnityNetworking/Code/PhotonUnityNetworking.asmdef)
Assembly with name 'PhotonUnityNetworking.Editor' already exists (Assets/Assets/Photon/PhotonUnityNetworking/Code/Editor/PhotonUnityNetworking.Editor.asmdef)
Assembly with name 'PhotonUnityNetworking.Editor' already exists (Assets/Photon/PhotonUnityNetworking/Code/Editor/PhotonUnityNetworking.Editor.asmdef)
Assembly with name 'PhotonVoice.Editor' already exists (Assets/Assets/Photon/PhotonVoice/Code/Editor/PhotonVoice.Editor.asmdef)
Assembly with name 'PhotonVoice.Editor' already exists (Assets/Photon/PhotonVoice/Code/Editor/PhotonVoice.Editor.asmdef)
Assembly with name 'PhotonVoiceApi.FMOD' already exists (Assets/Assets/Photon/PhotonVoice/PhotonVoiceApi/Platforms/FMOD/PhotonVoice.API.FMOD.asmdef)
Assembly with name 'PhotonVoiceApi.FMOD' already exists (Assets/Photon/PhotonVoice/PhotonVoiceApi/Platforms/FMOD/PhotonVoice.API.FMOD.asmdef)
Assembly with name 'PhotonUnityNetworking.Utilities.Culling.Editor' already exists (Assets/Assets/Photon/PhotonUnityNetworking/UtilityScripts/Culling/Editor/PhotonUnityNetworking.Utilities.Culling.Editor.asmdef)
Assembly with name 'PhotonUnityNetworking.Utilities.Culling.Editor' already exists (Assets/Photon/PhotonUnityNetworking/UtilityScripts/Culling/Editor/PhotonUnityNetworking.Utilities.Culling.Editor.asmdef)
Assembly with name 'PhotonVoice.PUN.Editor' already exists (Assets/Photon/PhotonVoice/Code/PUN/Editor/PhotonVoice.PUN.Editor.asmdef)
Assembly with name 'PhotonVoice.PUN.Editor' already exists (Assets/Assets/Photon/PhotonVoice/Code/PUN/Editor/PhotonVoice.PUN.Editor.asmdef)
Assembly with name 'PhotonVoice.FMOD' already exists (Assets/Photon/PhotonVoice/Code/FMOD/PhotonVoice.FMOD.asmdef)
Assembly with name 'PhotonVoice.FMOD' already exists (Assets/Assets/Photon/PhotonVoice/Code/FMOD/PhotonVoice.FMOD.asmdef)
Assembly with name 'Voice.FMOD.Editor' already exists (Assets/Photon/PhotonVoice/Code/FMOD/Editor/PhotonVoice.FMOD.Editor.asmdef)
Assembly with name 'Voice.FMOD.Editor' already exists (Assets/Assets/Photon/PhotonVoice/Code/FMOD/Editor/PhotonVoice.FMOD.Editor.asmdef)
Assembly with name 'PhotonUnityNetworking.Utilities' already exists (Assets/Photon/PhotonUnityNetworking/UtilityScripts/PhotonUnityNetworking.Utilities.asmdef)
Assembly with name 'PhotonUnityNetworking.Utilities' already exists (Assets/Assets/Photon/PhotonUnityNetworking/UtilityScripts/PhotonUnityNetworking.Utilities.asmdef)
Assembly with name 'PhotonChat' already exists (Assets/Assets/Photon/PhotonChat/Code/PhotonChat.asmdef)
Assembly with name 'PhotonChat' already exists (Assets/Photon/PhotonChat/Code/PhotonChat.asmdef)
Assembly with name 'PhotonRealtime' already exists (Assets/Assets/Photon/PhotonRealtime/Code/PhotonRealtime.asmdef)
Assembly with name 'PhotonRealtime' already exists (Assets/Photon/PhotonRealtime/Code/PhotonRealtime.asmdef)
Assembly with name 'SimpleFileBrowser.Runtime' already exists (Assets/Assets/Plugins/SimpleFileBrowser/SimpleFileBrowser.Runtime.asmdef)
Assembly with name 'SimpleFileBrowser.Runtime' already exists (Assets/Plugins/SimpleFileBrowser/SimpleFileBrowser.Runtime.asmdef)
Assembly with name 'PhotonVoice.Fusion.Editor' already exists (Assets/Photon/PhotonVoice/Code/Fusion/Editor/PhotonVoice.Fusion.Editor.asmdef)
Assembly with name 'PhotonVoice.Fusion.Editor' already exists (Assets/Assets/Photon/PhotonVoice/Code/Fusion/Editor/PhotonVoice.Fusion.Editor.asmdef)
Assembly with name 'PhotonVoice.Fusion' already exists (Assets/Assets/Photon/PhotonVoice/Code/Fusion/PhotonVoice.Fusion.asmdef)
Assembly with name 'PhotonVoice.Fusion' already exists (Assets/Photon/PhotonVoice/Code/Fusion/PhotonVoice.Fusion.asmdef)
Begin MonoManager ReloadAssembly
- Loaded All Assemblies, in  0.358 seconds
Multiple plugins with the same name 'opus_egpv' (found at 'Assets/Assets/Photon/PhotonVoice/PhotonVoiceLibs/OSX/opus_egpv.bundle' and 'Assets/Photon/PhotonVoice/PhotonVoiceLibs/OSX/opus_egpv.bundle'). That means one or more plugins are set to be compatible with Editor. Only one plugin at the time can be used by Editor.
Multiple plugins with the same name 'audioin' (found at 'Assets/Photon/PhotonVoice/PhotonVoiceLibs/OSX/AudioIn.bundle' and 'Assets/Assets/Photon/PhotonVoice/PhotonVoiceLibs/OSX/AudioIn.bundle'). That means one or more plugins are set to be compatible with Editor. Only one plugin at the time can be used by Editor.
Multiple plugins with the same name 'webrtc-audio' (found at 'Assets/Photon/PhotonVoice/PhotonVoiceLibs/OSX/webrtc-audio.bundle' and 'Assets/Assets/Photon/PhotonVoice/PhotonVoiceLibs/OSX/webrtc-audio.bundle'). That means one or more plugins are set to be compatible with Editor. Only one plugin at the time can be used by Editor.
Refreshing native plugins compatible for Editor in 6.39 ms, found 5 plugins.
Native extension for iOS target not found
2024-09-03 16:28:21.811 Unity[13618:465063] [XcodeApplications] Failed to read NSDictionary from path hX8/Contents/Info.plist
Native extension for OSXStandalone target not found
Assembly with name 'PhotonVoice.PUN' already exists (Assets/Assets/Photon/PhotonVoice/Code/PUN/PhotonVoice.PUN.asmdef)
Assembly with name 'PhotonVoice.PUN' already exists (Assets/Photon/PhotonVoice/Code/PUN/PhotonVoice.PUN.asmdef)
Assembly with name 'PhotonVoice' already exists (Assets/Assets/Photon/PhotonVoice/Code/PhotonVoice.asmdef)
Assembly with name 'PhotonVoice' already exists (Assets/Photon/PhotonVoice/Code/PhotonVoice.asmdef)
Assembly with name 'MicAmplifierEditor.Editor' already exists (Assets/Photon/PhotonVoice/Code/UtilityScripts/MicAmplifier/Editor/MicAmplifier.Editor.asmdef)
Assembly with name 'MicAmplifierEditor.Editor' already exists (Assets/Assets/Photon/PhotonVoice/Code/UtilityScripts/MicAmplifier/Editor/MicAmplifier.Editor.asmdef)
Assembly with name 'PhotonVoice.API' already exists (Assets/Assets/Photon/PhotonVoice/PhotonVoiceApi/PhotonVoice.API.asmdef)
Assembly with name 'PhotonVoice.API' already exists (Assets/Photon/PhotonVoice/PhotonVoiceApi/PhotonVoice.API.asmdef)
Assembly with name 'PhotonUnityNetworking.Utilities.PhotonPlayer.Editor' already exists (Assets/Assets/Photon/PhotonUnityNetworking/UtilityScripts/PhotonPlayer/Editor/PhotonUnityNetworking.Utilities.PhotonPlayer.Editor.asmdef)
Assembly with name 'PhotonUnityNetworking.Utilities.PhotonPlayer.Editor' already exists (Assets/Photon/PhotonUnityNetworking/UtilityScripts/PhotonPlayer/Editor/PhotonUnityNetworking.Utilities.PhotonPlayer.Editor.asmdef)
Assembly with name 'PhotonVoice.Utilities.Editor' already exists (Assets/Assets/Photon/PhotonVoice/Code/UtilityScripts/Editor/PhotonVoice.Utilities.Editor.asmdef)
Assembly with name 'PhotonVoice.Utilities.Editor' already exists (Assets/Photon/PhotonVoice/Code/UtilityScripts/Editor/PhotonVoice.Utilities.Editor.asmdef)
Assembly with name 'PhotonUnityNetworking' already exists (Assets/Photon/PhotonUnityNetworking/Code/PhotonUnityNetworking.asmdef)
Assembly with name 'PhotonUnityNetworking' already exists (Assets/Assets/Photon/PhotonUnityNetworking/Code/PhotonUnityNetworking.asmdef)
Assembly with name 'PhotonUnityNetworking.Editor' already exists (Assets/Assets/Photon/PhotonUnityNetworking/Code/Editor/PhotonUnityNetworking.Editor.asmdef)
Assembly with name 'PhotonUnityNetworking.Editor' already exists (Assets/Photon/PhotonUnityNetworking/Code/Editor/PhotonUnityNetworking.Editor.asmdef)
Assembly with name 'PhotonVoice.Editor' already exists (Assets/Assets/Photon/PhotonVoice/Code/Editor/PhotonVoice.Editor.asmdef)
Assembly with name 'PhotonVoice.Editor' already exists (Assets/Photon/PhotonVoice/Code/Editor/PhotonVoice.Editor.asmdef)
Assembly with name 'PhotonVoiceApi.FMOD' already exists (Assets/Assets/Photon/PhotonVoice/PhotonVoiceApi/Platforms/FMOD/PhotonVoice.API.FMOD.asmdef)
Assembly with name 'PhotonVoiceApi.FMOD' already exists (Assets/Photon/PhotonVoice/PhotonVoiceApi/Platforms/FMOD/PhotonVoice.API.FMOD.asmdef)
Assembly with name 'PhotonUnityNetworking.Utilities.Culling.Editor' already exists (Assets/Assets/Photon/PhotonUnityNetworking/UtilityScripts/Culling/Editor/PhotonUnityNetworking.Utilities.Culling.Editor.asmdef)
Assembly with name 'PhotonUnityNetworking.Utilities.Culling.Editor' already exists (Assets/Photon/PhotonUnityNetworking/UtilityScripts/Culling/Editor/PhotonUnityNetworking.Utilities.Culling.Editor.asmdef)
Assembly with name 'PhotonVoice.PUN.Editor' already exists (Assets/Photon/PhotonVoice/Code/PUN/Editor/PhotonVoice.PUN.Editor.asmdef)
Assembly with name 'PhotonVoice.PUN.Editor' already exists (Assets/Assets/Photon/PhotonVoice/Code/PUN/Editor/PhotonVoice.PUN.Editor.asmdef)
Assembly with name 'PhotonVoice.FMOD' already exists (Assets/Photon/PhotonVoice/Code/FMOD/PhotonVoice.FMOD.asmdef)
Assembly with name 'PhotonVoice.FMOD' already exists (Assets/Assets/Photon/PhotonVoice/Code/FMOD/PhotonVoice.FMOD.asmdef)
Assembly with name 'Voice.FMOD.Editor' already exists (Assets/Photon/PhotonVoice/Code/FMOD/Editor/PhotonVoice.FMOD.Editor.asmdef)
Assembly with name 'Voice.FMOD.Editor' already exists (Assets/Assets/Photon/PhotonVoice/Code/FMOD/Editor/PhotonVoice.FMOD.Editor.asmdef)
Assembly with name 'PhotonUnityNetworking.Utilities' already exists (Assets/Photon/PhotonUnityNetworking/UtilityScripts/PhotonUnityNetworking.Utilities.asmdef)
Assembly with name 'PhotonUnityNetworking.Utilities' already exists (Assets/Assets/Photon/PhotonUnityNetworking/UtilityScripts/PhotonUnityNetworking.Utilities.asmdef)
Assembly with name 'PhotonChat' already exists (Assets/Assets/Photon/PhotonChat/Code/PhotonChat.asmdef)
Assembly with name 'PhotonChat' already exists (Assets/Photon/PhotonChat/Code/PhotonChat.asmdef)
Assembly with name 'PhotonRealtime' already exists (Assets/Assets/Photon/PhotonRealtime/Code/PhotonRealtime.asmdef)
Assembly with name 'PhotonRealtime' already exists (Assets/Photon/PhotonRealtime/Code/PhotonRealtime.asmdef)
Assembly with name 'SimpleFileBrowser.Runtime' already exists (Assets/Assets/Plugins/SimpleFileBrowser/SimpleFileBrowser.Runtime.asmdef)
Assembly with name 'SimpleFileBrowser.Runtime' already exists (Assets/Plugins/SimpleFileBrowser/SimpleFileBrowser.Runtime.asmdef)
Assembly with name 'PhotonVoice.Fusion.Editor' already exists (Assets/Photon/PhotonVoice/Code/Fusion/Editor/PhotonVoice.Fusion.Editor.asmdef)
Assembly with name 'PhotonVoice.Fusion.Editor' already exists (Assets/Assets/Photon/PhotonVoice/Code/Fusion/Editor/PhotonVoice.Fusion.Editor.asmdef)
Assembly with name 'PhotonVoice.Fusion' already exists (Assets/Assets/Photon/PhotonVoice/Code/Fusion/PhotonVoice.Fusion.asmdef)
Assembly with name 'PhotonVoice.Fusion' already exists (Assets/Photon/PhotonVoice/Code/Fusion/PhotonVoice.Fusion.asmdef)
Mono: successfully reloaded assembly
- Finished resetting the current domain, in  0.231 seconds
Domain Reload Profiling: 589ms
	BeginReloadAssembly (87ms)
		ExecutionOrderSort (0ms)
		DisableScriptedObjects (3ms)
		BackupInstance (0ms)
		ReleaseScriptingObjects (0ms)
		CreateAndSetChildDomain (20ms)
	RebuildCommonClasses (24ms)
	RebuildNativeTypeToScriptingClass (8ms)
	initialDomainReloadingComplete (25ms)
	LoadAllAssembliesAndSetupDomain (214ms)
		LoadAssemblies (157ms)
		RebuildTransferFunctionScriptingTraits (0ms)
		AnalyzeDomain (97ms)
			TypeCache.Refresh (96ms)
				TypeCache.ScanAssembly (70ms)
			ScanForSourceGeneratedMonoScriptInfo (1ms)
			ResolveRequiredComponents (0ms)
	FinalizeReload (231ms)
		ReleaseScriptCaches (0ms)
		RebuildScriptCaches (0ms)
		SetupLoadedEditorAssemblies (149ms)
			LogAssemblyErrors (0ms)
			InitializePlatformSupportModulesInManaged (15ms)
			SetLoadedEditorAssemblies (2ms)
			RefreshPlugins (0ms)
			BeforeProcessingInitializeOnLoad (44ms)
			ProcessInitializeOnLoadAttributes (77ms)
			ProcessInitializeOnLoadMethodAttributes (11ms)
			AfterProcessingInitializeOnLoad (1ms)
			EditorAssembliesLoaded (0ms)
		ExecutionOrderSort2 (0ms)
		AwakeInstancesAfterBackupRestoration (2ms)
Launching external process: /Applications/Unity/Hub/Editor/2022.3.34f1-arm64/Unity.app/Contents/Tools/UnityShaderCompiler
Launched and connected shader compiler UnityShaderCompiler after 0.05 seconds
Multiple plugins with the same name 'opus_egpv' (found at 'Assets/Assets/Photon/PhotonVoice/PhotonVoiceLibs/OSX/opus_egpv.bundle' and 'Assets/Photon/PhotonVoice/PhotonVoiceLibs/OSX/opus_egpv.bundle'). That means one or more plugins are set to be compatible with Editor. Only one plugin at the time can be used by Editor.
Multiple plugins with the same name 'audioin' (found at 'Assets/Photon/PhotonVoice/PhotonVoiceLibs/OSX/AudioIn.bundle' and 'Assets/Assets/Photon/PhotonVoice/PhotonVoiceLibs/OSX/AudioIn.bundle'). That means one or more plugins are set to be compatible with Editor. Only one plugin at the time can be used by Editor.
Multiple plugins with the same name 'webrtc-audio' (found at 'Assets/Photon/PhotonVoice/PhotonVoiceLibs/OSX/webrtc-audio.bundle' and 'Assets/Assets/Photon/PhotonVoice/PhotonVoiceLibs/OSX/webrtc-audio.bundle'). That means one or more plugins are set to be compatible with Editor. Only one plugin at the time can be used by Editor.
Refreshing native plugins compatible for Editor in 6.73 ms, found 5 plugins.
Preloading 0 native plugins for Editor in 0.00 ms.
Unloading 3867 Unused Serialized files (Serialized files now loaded: 0)
Unloading 122 unused Assets / (107.5 KB). Loaded Objects now: 4231.
Memory consumption went from 143.1 MB to 143.0 MB.
Total: 2.442250 ms (FindLiveObjects: 0.116625 ms CreateObjectMapping: 0.048791 ms MarkObjects: 2.137875 ms  DeleteObjects: 0.138250 ms)

AssetImportParameters requested are different than current active one (requested -> active):
  custom:container-muxer-webm: aa71ff27fc2769a1b78a27578f13a17b -> 
  custom:video-encoder-webm-vp8: eb34c28f22e8b96e1ab97ce403110664 -> 
  custom:framework-osx-AVFoundation: e770b220cccbd017edd2c1fefb359320 -> 
  custom:audio-encoder-webm-vorbis: bf7c407c2cedff20999df2af8eb42d56 -> 
  custom:container-demuxer-ogg: 62fdf1f143b41e24485cea50d1cbac27 -> 
  custom:video-decoder-webm-vp8: 9c59270c3fd7afecdb556c50c9e8de78 -> 
  custom:audio-decoder-ogg-vorbis: bf7c407c2cedff20999df2af8eb42d56 -> 
  custom:AudioImporter_EditorPlatform: 3918e3fc78b5a79bad01e8451be0beb8 -> 
  custom:video-decoder-ogg-theora: a1e56fd34408186e4bbccfd4996cb3dc -> 
  custom:container-demuxer-webm: 4f35f7cbe854078d1ac9338744f61a02 -> 
  custom:CustomObjectIndexerAttribute: 9a22284fe3817be447336de3de66b15e -> 
  custom:SearchIndexIgnoredProperties: e643bd26f0fe6173181afceb89e7c659 -> 
========================================================================
Received Import Request.
  Time since last request: 35372.049999 seconds.
  path: Assets/024339_campfire-69457.mp3
  artifactKey: Guid(c735fd864c544ca49a88f548f86833cb) Importer(815301076,1909f56bfc062723c751e8b465ee728b)
Start importing Assets/024339_campfire-69457.mp3 using Guid(c735fd864c544ca49a88f548f86833cb) Importer(815301076,1909f56bfc062723c751e8b465ee728b) [PhysX] Initialized MultithreadedTaskDispatcher with 8 workers.
[PhysX] Initialized MultithreadedTaskDispatcher with 8 workers.
 -> (artifact id: '0baca05ae9c318c431def8c6dab232d2') in 0.179637 seconds
Number of updated asset objects reloaded before import = 0
Number of asset objects unloaded after import = 2
========================================================================
Received Import Request.
  Time since last request: 61.398114 seconds.
  path: Assets/Scenes/TemplatesUI/CafeUI/CupOfCoffee.png
  artifactKey: Guid(a07984b8709e3b048b4a9e7ca429e9ae) Importer(815301076,1909f56bfc062723c751e8b465ee728b)
Start importing Assets/Scenes/TemplatesUI/CafeUI/CupOfCoffee.png using Guid(a07984b8709e3b048b4a9e7ca429e9ae) Importer(815301076,1909f56bfc062723c751e8b465ee728b) [PhysX] Initialized MultithreadedTaskDispatcher with 8 workers.
[PhysX] Initialized MultithreadedTaskDispatcher with 8 workers.
 -> (artifact id: 'b60a91ab9531877526211d3dbb39b1cc') in 0.071493 seconds
Number of updated asset objects reloaded before import = 0
Number of asset objects unloaded after import = 3
========================================================================
Received Import Request.
  Time since last request: 22.396734 seconds.
  path: Assets/Assets/Scenes/5294338.jpg
  artifactKey: Guid(3eb3d098dbdd1453fb33d8004dd20e9a) Importer(815301076,1909f56bfc062723c751e8b465ee728b)
Start importing Assets/Assets/Scenes/5294338.jpg using Guid(3eb3d098dbdd1453fb33d8004dd20e9a) Importer(815301076,1909f56bfc062723c751e8b465ee728b) [PhysX] Initialized MultithreadedTaskDispatcher with 8 workers.
[PhysX] Initialized MultithreadedTaskDispatcher with 8 workers.
 -> (artifact id: '995850aabb30277745913b14b99936a2') in 0.042534 seconds
Number of updated asset objects reloaded before import = 0
Number of asset objects unloaded after import = 3
========================================================================
Received Import Request.
  Time since last request: 0.000080 seconds.
  path: Assets/Assets/Scenes/Create your room.png
  artifactKey: Guid(68aa1e1dbc1ac4a5ea9b6c9aedd71f06) Importer(815301076,1909f56bfc062723c751e8b465ee728b)
Start importing Assets/Assets/Scenes/Create your room.png using Guid(68aa1e1dbc1ac4a5ea9b6c9aedd71f06) Importer(815301076,1909f56bfc062723c751e8b465ee728b) [PhysX] Initialized MultithreadedTaskDispatcher with 8 workers.
[PhysX] Initialized MultithreadedTaskDispatcher with 8 workers.
 -> (artifact id: 'e04fee7a1279fd5f78ffb716accf4dc9') in 0.009151 seconds
Number of updated asset objects reloaded before import = 0
Number of asset objects unloaded after import = 3
========================================================================
Received Import Request.
  Time since last request: 0.000433 seconds.
  path: Assets/Assets/Scenes/Extended FAB-4.png
  artifactKey: Guid(0c01f4d3dde9e441090b1b96773651f0) Importer(815301076,1909f56bfc062723c751e8b465ee728b)
Start importing Assets/Assets/Scenes/Extended FAB-4.png using Guid(0c01f4d3dde9e441090b1b96773651f0) Importer(815301076,1909f56bfc062723c751e8b465ee728b) [PhysX] Initialized MultithreadedTaskDispatcher with 8 workers.
[PhysX] Initialized MultithreadedTaskDispatcher with 8 workers.
 -> (artifact id: '3e7f734524bf3deaaaf7081698c8090e') in 0.007735 seconds
Number of updated asset objects reloaded before import = 0
Number of asset objects unloaded after import = 3
========================================================================
Received Import Request.
  Time since last request: 0.000238 seconds.
  path: Assets/Assets/Scenes/Moody.png
  artifactKey: Guid(dc2825dd411934900ad3ae98a37f71c1) Importer(815301076,1909f56bfc062723c751e8b465ee728b)
Start importing Assets/Assets/Scenes/Moody.png using Guid(dc2825dd411934900ad3ae98a37f71c1) Importer(815301076,1909f56bfc062723c751e8b465ee728b) [PhysX] Initialized MultithreadedTaskDispatcher with 8 workers.
[PhysX] Initialized MultithreadedTaskDispatcher with 8 workers.
 -> (artifact id: 'c7ae7e3a99e1a197dd86d90c9ebd494b') in 0.013943 seconds
Number of updated asset objects reloaded before import = 0
Number of asset objects unloaded after import = 3
========================================================================
Received Import Request.
  Time since last request: 0.000204 seconds.
  path: Assets/Assets/Scenes/Frame 5.png
  artifactKey: Guid(d0ff575ebc3614fd1b601afd5511d1dc) Importer(815301076,1909f56bfc062723c751e8b465ee728b)
Start importing Assets/Assets/Scenes/Frame 5.png using Guid(d0ff575ebc3614fd1b601afd5511d1dc) Importer(815301076,1909f56bfc062723c751e8b465ee728b) [PhysX] Initialized MultithreadedTaskDispatcher with 8 workers.
[PhysX] Initialized MultithreadedTaskDispatcher with 8 workers.
 -> (artifact id: '6b881de1e3e710bfd1ec4c2df7da338c') in 0.021156 seconds
Number of updated asset objects reloaded before import = 0
Number of asset objects unloaded after import = 3
========================================================================
Received Import Request.
  Time since last request: 0.000055 seconds.
  path: Assets/Assets/Scenes/Extended FAB-2.png
  artifactKey: Guid(8ef5c0cfe166f4f17b0eaf27270a489c) Importer(815301076,1909f56bfc062723c751e8b465ee728b)
Start importing Assets/Assets/Scenes/Extended FAB-2.png using Guid(8ef5c0cfe166f4f17b0eaf27270a489c) Importer(815301076,1909f56bfc062723c751e8b465ee728b) [PhysX] Initialized MultithreadedTaskDispatcher with 8 workers.
[PhysX] Initialized MultithreadedTaskDispatcher with 8 workers.
 -> (artifact id: '664c33c9fec1d41ffa575d7fb140bc42') in 0.005393 seconds
Number of updated asset objects reloaded before import = 0
Number of asset objects unloaded after import = 3
========================================================================
Received Import Request.
  Time since last request: 0.000056 seconds.
  path: Assets/Assets/Scenes/eye.fbx
  artifactKey: Guid(dc729a252368a4f40a9634dae4f2fa2d) Importer(815301076,1909f56bfc062723c751e8b465ee728b)
Start importing Assets/Assets/Scenes/eye.fbx using Guid(dc729a252368a4f40a9634dae4f2fa2d) Importer(815301076,1909f56bfc062723c751e8b465ee728b) [PhysX] Initialized MultithreadedTaskDispatcher with 8 workers.
[PhysX] Initialized MultithreadedTaskDispatcher with 8 workers.
[PhysX] Initialized MultithreadedTaskDispatcher with 8 workers.
[PhysX] Initialized MultithreadedTaskDispatcher with 8 workers.
 -> (artifact id: 'ddd01de22edc6ed0bc8499a61008c502') in 0.393085 seconds
Number of updated asset objects reloaded before import = 0
Number of asset objects unloaded after import = 8
========================================================================
Received Import Request.
  Time since last request: 0.000036 seconds.
  path: Assets/Assets/Scenes/monoEye 1.fbx
  artifactKey: Guid(70001e26a6a574be2ad50d958e600b03) Importer(815301076,1909f56bfc062723c751e8b465ee728b)
Start importing Assets/Assets/Scenes/monoEye 1.fbx using Guid(70001e26a6a574be2ad50d958e600b03) Importer(815301076,1909f56bfc062723c751e8b465ee728b) [PhysX] Initialized MultithreadedTaskDispatcher with 8 workers.
[PhysX] Initialized MultithreadedTaskDispatcher with 8 workers.
[PhysX] Initialized MultithreadedTaskDispatcher with 8 workers.
[PhysX] Initialized MultithreadedTaskDispatcher with 8 workers.
[PhysX] Initialized MultithreadedTaskDispatcher with 8 workers.
[PhysX] Initialized MultithreadedTaskDispatcher with 8 workers.
[PhysX] Initialized MultithreadedTaskDispatcher with 8 workers.
 -> (artifact id: '3a15405308719fd40b9f98e0835cbb1c') in 0.024121 seconds
Number of updated asset objects reloaded before import = 0
Number of asset objects unloaded after import = 15
========================================================================
Received Import Request.
  Time since last request: 0.000061 seconds.
  path: Assets/Assets/Scenes/Extended FAB-3.png
  artifactKey: Guid(14ff2529789fe4da5b7db806ce4c037a) Importer(815301076,1909f56bfc062723c751e8b465ee728b)
Start importing Assets/Assets/Scenes/Extended FAB-3.png using Guid(14ff2529789fe4da5b7db806ce4c037a) Importer(815301076,1909f56bfc062723c751e8b465ee728b) [PhysX] Initialized MultithreadedTaskDispatcher with 8 workers.
[PhysX] Initialized MultithreadedTaskDispatcher with 8 workers.
 -> (artifact id: '977bdb93ff75e77fa07ba9f964b40a09') in 0.005532 seconds
Number of updated asset objects reloaded before import = 0
Number of asset objects unloaded after import = 3
========================================================================
Received Import Request.
  Time since last request: 0.000085 seconds.
  path: Assets/Assets/Scenes/monoEye.fbx
  artifactKey: Guid(85205c3f9d29a4302b36e89348b747c1) Importer(815301076,1909f56bfc062723c751e8b465ee728b)
Start importing Assets/Assets/Scenes/monoEye.fbx using Guid(85205c3f9d29a4302b36e89348b747c1) Importer(815301076,1909f56bfc062723c751e8b465ee728b) [PhysX] Initialized MultithreadedTaskDispatcher with 8 workers.
[PhysX] Initialized MultithreadedTaskDispatcher with 8 workers.
[PhysX] Initialized MultithreadedTaskDispatcher with 8 workers.
[PhysX] Initialized MultithreadedTaskDispatcher with 8 workers.
[PhysX] Initialized MultithreadedTaskDispatcher with 8 workers.
[PhysX] Initialized MultithreadedTaskDispatcher with 8 workers.
 -> (artifact id: '7f799f74c3dd77c7d833f00c00b9d33c') in 0.033991 seconds
Number of updated asset objects reloaded before import = 0
Number of asset objects unloaded after import = 14
========================================================================
Received Import Request.
  Time since last request: 0.000075 seconds.
  path: Assets/Assets/Scenes/monoNose.fbx
  artifactKey: Guid(0ba74eba2c70643f1985fe6f262ea081) Importer(815301076,1909f56bfc062723c751e8b465ee728b)
Start importing Assets/Assets/Scenes/monoNose.fbx using Guid(0ba74eba2c70643f1985fe6f262ea081) Importer(815301076,1909f56bfc062723c751e8b465ee728b) [PhysX] Initialized MultithreadedTaskDispatcher with 8 workers.
[PhysX] Initialized MultithreadedTaskDispatcher with 8 workers.
[PhysX] Initialized MultithreadedTaskDispatcher with 8 workers.
[PhysX] Initialized MultithreadedTaskDispatcher with 8 workers.
 -> (artifact id: 'd2e1996ba775b6be9fc44b0e20aaf138') in 0.012365 seconds
Number of updated asset objects reloaded before import = 0
Number of asset objects unloaded after import = 8
